make all --print-data-base --no-builtin-variables --no-builtin-rules --question
# GNU Make 4.3
# Built for x86_64-pc-linux-gnu
# Copyright (C) 1988-2020 Free Software Foundation, Inc.
# License GPLv3+: GNU GPL version 3 or later <http://gnu.org/licenses/gpl.html>
# This is free software: you are free to change and redistribute it.
# There is NO WARRANTY, to the extent permitted by law.

# Make data base, printed on Mon May 30 13:45:29 2022

# Variables

# environment
GDK_BACKEND = x11
# environment
LC_ALL = C
# environment
NO_AT_BRIDGE = 1
# makefile (from 'Makefile', line 39)
NPROC := 16
# environment
GTK_RC_FILES = /etc/gtk/gtkrc:/home/widium/.gtkrc:/home/widium/.config/gtkrc
# environment
VSCODE_IPC_HOOK_EXTHOST = /run/user/1000/vscode-ipc-64173dcb-75ae-4b16-a55d-e10d4eb1a9ae.sock
# environment
LC_NAME = fr_FR.UTF-8
# environment
LC_NUMERIC = fr_FR.UTF-8
# environment
VSCODE_CWD = /home/widium
# environment
LC_ADDRESS = fr_FR.UTF-8
# default
MAKE_COMMAND := make
# environment
GTK3_MODULES = xapp-gtk3-module
# automatic
@D = $(patsubst %/,%,$(dir $@))
# environment
GDK_DPI_SCALE = 0.5
# environment
VSCODE_HANDLES_UNCAUGHT_ERRORS = true
# default
.VARIABLES := 
# environment
PWD = /home/widium/Programming/42_cursus/fractol
# automatic
%D = $(patsubst %/,%,$(dir $%))
# environment
MAIL = /var/spool/mail/widium
# environment
XDG_DATA_DIRS = /home/widium/.local/share/flatpak/exports/share:/var/lib/flatpak/exports/share:/usr/local/share:/usr/share:/var/lib/snapd/desktop
# automatic
^D = $(patsubst %/,%,$(dir $^))
# environment
VSCODE_LOG_STACK = false
# automatic
%F = $(notdir $%)
# environment
VSCODE_CODE_CACHE_PATH = /home/widium/.config/Code/CachedData/c3511e6c69bb39013c4a4b7b9566ec1ca73fc4d5
# environment
XDG_SESSION_PATH = /org/freedesktop/DisplayManager/Session1
# environment
LANG = C
# environment
XAUTHORITY = /home/widium/.Xauthority
# default
.LOADED := 
# default
.INCLUDE_DIRS = /usr/include /usr/local/include /usr/include
# makefile
MAKEFLAGS = pqrR
# makefile
CURDIR := /home/widium/Programming/42_cursus/fractol
# makefile (from 'Makefile', line 37)
UNAME = $(shell uname -s)
# environment
VSCODE_PIPE_LOGGING = true
# environment
APPLICATION_INSIGHTS_NO_DIAGNOSTIC_CHANNEL = 1
# makefile (from 'Makefile', line 3)
SRCS = main.c src/draw.c src/model.c src/init.c src/init_2.c src/complex.c src/parsing_1.c src/parsing_2.c src/color.c src/hook.c src/zoom.c src/plan.c src/math_utils.c src/detect.c src/free.c
# automatic
*D = $(patsubst %/,%,$(dir $*))
# environment
PAM_KWALLET5_LOGIN = /run/user/1000/kwallet5.socket
# environment
MFLAGS = -pqrR
# default
.SHELLFLAGS := -c
# environment
QT_LINUX_ACCESSIBILITY_ALWAYS_ON = 1
# environment
XDG_CONFIG_DIRS = /home/widium/.config/kdedefaults:/etc/xdg
# automatic
+D = $(patsubst %/,%,$(dir $+))
# environment
XCURSOR_THEME = breeze_cursors
# environment
XDG_SESSION_DESKTOP = KDE
# makefile (from 'Makefile', line 1)
MAKEFILE_LIST := Makefile
# environment
CONDA_SHLVL = 0
# automatic
@F = $(notdir $@)
# environment
VSCODE_VERBOSE_LOGGING = true
# environment
VSCODE_PID = 3530
# environment
XDG_SESSION_TYPE = x11
# automatic
?D = $(patsubst %/,%,$(dir $?))
# makefile (from 'Makefile', line 40)
FLAGS = -lmlx -lXext -lX11 -lm
# environment
SESSION_MANAGER = local/manjaro:@/tmp/.ICE-unix/1310,unix/manjaro:/tmp/.ICE-unix/1310
# automatic
*F = $(notdir $*)
# environment
CHROME_DESKTOP = code-url-handler.desktop
# environment
DBUS_SESSION_BUS_ADDRESS = unix:path=/run/user/1000/bus
# automatic
<D = $(patsubst %/,%,$(dir $<))
# environment
VSCODE_NLS_CONFIG = {"locale":"en-us","availableLanguages":{},"_languagePackSupport":true}
# default
MAKE_HOST := x86_64-pc-linux-gnu
# makefile (from 'Makefile', line 21)
OBJS = $(SRCS:.c=.o)
# makefile
SHELL = /bin/sh
# default
MAKECMDGOALS := all
# environment
SHLVL = 1
# environment
MAKELEVEL := 0
# default
MAKE = $(MAKE_COMMAND)
# environment
PATH = /home/widium/.local/bin:/usr/condabin:/usr/local/sbin:/usr/local/bin:/usr/bin:/usr/lib/jvm/default/bin:/usr/bin/site_perl:/usr/bin/vendor_perl:/usr/bin/core_perl:/var/lib/snapd/snap/bin
# default
MAKEFILES := 
# makefile (from 'Makefile', line 25)
SANITIZE = -g3 -fsanitize=address
# environment
LC_MONETARY = fr_FR.UTF-8
# environment
MOTD_SHOWN = pam
# automatic
^F = $(notdir $^)
# environment
LC_TIME = fr_FR.UTF-8
# environment
VSCODE_LOG_NATIVE = false
# environment
LC_TELEPHONE = fr_FR.UTF-8
# environment
GDK_SCALE = 2
# automatic
?F = $(notdir $?)
# environment
KDE_APPLICATIONS_AS_SCOPE = 1
# makefile (from 'Makefile', line 1)
NAME = fractol
# environment
XDG_SEAT = seat0
# environment
XDG_CURRENT_DESKTOP = KDE
# automatic
+F = $(notdir $+)
# environment
XDG_SEAT_PATH = /org/freedesktop/DisplayManager/Seat0
# environment
DESKTOP_SESSION = plasma
# environment
ORIGINAL_XDG_CURRENT_DESKTOP = KDE
# 'override' directive
GNUMAKEFLAGS := 
# environment
QT_SCREEN_SCALE_FACTORS = eDP-1=2;DP-1=2;DP-2=2;DP-3=2;DP-4=2;DP-3-1=2;DP-3-2=2;DP-3-3=2;DP-1-0=2;DP-1-1=2;DP-1-2=2;DP-1-3=2;DP-1-4=2;DP-1-5=2;DP-1-6=2;DP-1-7=2;
# environment
LOGNAME = widium
# environment
XDG_VTNR = 1
# makefile
.DEFAULT_GOAL := fractol
# environment
SYSTEMD_EXEC_PID = 1181
# environment
DISPLAY = :0
# environment
GTK_MODULES = canberra-gtk-module
# environment
USER = widium
# default
MAKE_VERSION := 4.3
# environment
KDE_SESSION_UID = 1000
# 'override' directive
.SHELLSTATUS := 0
# environment
LC_MEASUREMENT = fr_FR.UTF-8
# environment
_ = /usr/bin/make
# environment
LC_PAPER = fr_FR.UTF-8
# environment
XDG_RUNTIME_DIR = /run/user/1000
# environment
XDG_SESSION_CLASS = user
# environment
VSCODE_AMD_ENTRYPOINT = vs/workbench/api/node/extensionHostProcess
# environment
GTK2_RC_FILES = /etc/gtk-2.0/gtkrc:/home/widium/.gtkrc-2.0:/home/widium/.config/gtkrc-2.0
# environment
HOME = /home/widium
# environment
ELECTRON_RUN_AS_NODE = 1
# environment
VSCODE_IPC_HOOK = /run/user/1000/vscode-f0a1c65d-1.67.2-main.sock
# environment
XDG_SESSION_ID = 2
# environment
XCURSOR_SIZE = 48
# default
.RECIPEPREFIX := 
# automatic
<F = $(notdir $<)
# default
SUFFIXES := 
# environment
QT_AUTO_SCREEN_SCALE_FACTOR = 0
# environment
VSCODE_CLI = 1
# environment
ELECTRON_NO_ATTACH_CONSOLE = 1
# environment
KDE_SESSION_VERSION = 5
# default
.FEATURES := target-specific order-only second-expansion else-if shortest-stem undefine oneshell nocomment grouped-target extra-prereqs archives jobserver output-sync check-symlink guile load
# makefile (from 'Makefile', line 22)
CC = clang
# environment
KDE_FULL_SESSION = true
# environment
CONDA_EXE = /usr/bin/conda
# environment
LC_IDENTIFICATION = fr_FR.UTF-8
# variable set hash-table stats:
# Load=120/1024=12%, Rehash=0, Collisions=8/165=5%

# Pattern-specific Variable Values

# No pattern-specific variable values.

# Directories

# src (device 66306, inode 4984561): 30 files, no impossibilities so far.
# . (device 66306, inode 4984272): 17 files, no impossibilities.

# 47 files, no impossibilities in 2 directories.

# Implicit Rules

%.o: %.c
#  recipe to execute (from 'Makefile', line 28):
			$(CC) -c $(CFLAGS) $< -o $@
	

# 1 implicit rules, 0 (0.0%) terminal.
# Files

src/zoom.o: src/zoom.c
#  Implicit rule search has been done.
#  Implicit/static pattern stem: 'src/zoom'
#  Last modified 2022-05-28 19:56:58.58333425
#  File has been updated.
#  Successfully updated.
#  recipe to execute (from 'Makefile', line 28):
			$(CC) -c $(CFLAGS) $< -o $@
	

# Not a target:
src/plan.c:
#  Implicit rule search has been done.
#  Last modified 2022-05-27 17:10:38.703333319
#  File has been updated.
#  Successfully updated.

src/hook.o: src/hook.c
#  Implicit rule search has been done.
#  Implicit/static pattern stem: 'src/hook'
#  Last modified 2022-05-28 19:56:58.55333425
#  File has been updated.
#  Successfully updated.
#  recipe to execute (from 'Makefile', line 28):
 
			$(CC) -c $(CFLAGS) $< -o $@
	

fractol: main.o src/draw.o src/model.o src/init.o src/init_2.o src/complex.o src/parsing_1.o src/parsing_2.o src/color.o src/hook.o src/zoom.o src/plan.o src/math_utils.o src/detect.o src/free.o
#  Implicit rule search has not been done.
#  Last modified 2022-05-28 19:56:59.580000917
#  File has been updated.
#  Successfully updated.
#  recipe to execute (from 'Makefile', line 31):
				make -C libft
				$(CC) $(OBJS) $(FLAGS) libft/libft.a -o $(NAME)		

src/init.o: src/init.c
#  Implicit rule search has been done.
#  Implicit/static pattern stem: 'src/init'
#  Last modified 2022-05-28 19:56:58.366667583
#  File has been updated.
#  Successfully updated.
#  recipe to execute (from 'Makefile', line 28):
			$(CC) -c $(CFLAGS) $< -o $@
	

# Not a target:
src/draw.c:
#  Implicit rule search has been done.
#  Last modified 2022-05-27 17:07:09.969999924
#  File has been updated.
#  Successfully updated.

debug: main.o src/draw.o src/model.o src/init.o src/init_2.o src/complex.o src/parsing_1.o src/parsing_2.o src/color.o src/hook.o src/zoom.o src/plan.o src/math_utils.o src/detect.o src/free.o
#  Implicit rule search has not been done.
#  Modification time never checked.
#  File has not been updated.
#  recipe to execute (from 'Makefile', line 56):
				$(CC) $(OBJS) $(FLAGS) $(SANITIZE) libft/libft.a  -o $(NAME)
				# lldb ./$(NAME)

# Not a target:
Makefile:
#  Implicit rule search has been done.
#  Last modified 2022-05-27 17:11:21.173333333
#  File has been updated.
#  Successfully updated.

# Not a target:
src/parsing_2.c:
#  Implicit rule search has been done.
#  Last modified 2022-05-27 17:10:26.489999982
#  File has been updated.
#  Successfully updated.

# Not a target:
src/detect.c:
#  Implicit rule search has been done.
#  Last modified 2022-05-27 17:07:02.129999922
#  File has been updated.
#  Successfully updated.

clean:
#  Phony target (prerequisite of .PHONY).
#  Implicit rule search has not been done.
#  File does not exist.
#  File has not been updated.
#  recipe to execute (from 'Makefile', line 48):
				make clean -C libft
				/bin/rm -rf $(OBJS)

# Not a target:
src/parsing_1.c:
#  Implicit rule search has been done.
#  Last modified 2022-05-27 17:10:19.506666646
#  File has been updated.
#  Successfully updated.

src/color.o: src/color.c
#  Implicit rule search has been done.
#  Implicit/static pattern stem: 'src/color'
#  Last modified 2022-05-28 19:56:58.520000916
#  File has been updated.
#  Successfully updated.
#  recipe to execute (from 'Makefile', line 28):
			$(CC) -c $(CFLAGS) $< -o $@
	

re: fclean all
#  Phony target (prerequisite of .PHONY).
#  Implicit rule search has not been done.
#  File does not exist.
#  File has not been updated.

# Not a target:
src/complex.c:
#  Implicit rule search has been done.
#  Last modified 2022-05-27 17:06:56.896666588
#  File has been updated.
#  Successfully updated.

# Not a target:
src/math_utils.c:
#  Implicit rule search has been done.
#  Last modified 2022-05-27 17:10:09.236666643
#  File has been updated.
#  Successfully updated.

src/model.o: src/model.c
#  Implicit rule search has been done.
#  Implicit/static pattern stem: 'src/model'
#  Last modified 2022-05-28 19:56:58.340000916
#  File has been updated.
#  Successfully updated.
#  recipe to execute (from 'Makefile', line 28):
			$(CC) -c $(CFLAGS) $< -o $@
	

# Not a target:
src/zoom.c:
#  Implicit rule search has been done.
#  Last modified 2022-05-27 17:10:49.409999989
#  File has been updated.
#  Successfully updated.

# Not a target:
.DEFAULT:
#  Implicit rule search has not been done.
#  Modification time never checked.
#  File has not been updated.

all: fractol
#  Phony target (prerequisite of .PHONY).
#  Command line target.
#  Implicit rule search has not been done.
#  File does not exist.
#  File has been updated.
#  Successfully updated.

fclean: clean
#  Phony target (prerequisite of .PHONY).
#  Implicit rule search has not been done.
#  File does not exist.
#  File has not been updated.
#  recipe to execute (from 'Makefile', line 52):
				make fclean -C libft
				/bin/rm -rf $(NAME)

src/plan.o: src/plan.c
#  Implicit rule search has been done.
#  Implicit/static pattern stem: 'src/plan'
#  Last modified 2022-05-28 19:56:58.616667583
#  File has been updated.
#  Successfully updated.
#  recipe to execute (from 'Makefile', line 28):
			$(CC) -c $(CFLAGS) $< -o $@
	

# Not a target:
src/model.c:
#  Implicit rule search has been done.
#  Last modified 2022-05-27 17:10:12.653333311
#  File has been updated.
#  Successfully updated.

src/math_utils.o: src/math_utils.c
#  Implicit rule search has been done.
#  Implicit/static pattern stem: 'src/math_utils'
#  Last modified 2022-05-28 19:56:58.650000917
#  File has been updated.
#  Successfully updated.
#  recipe to execute (from 'Makefile', line 28):
			$(CC) -c $(CFLAGS) $< -o $@
	

# Not a target:
src/hook.c:
#  Implicit rule search has been done.
#  Last modified 2022-05-27 17:07:21.106666594
#  File has been updated.
#  Successfully updated.

# Not a target:
main.c:
#  Implicit rule search has been done.
#  Last modified 2022-05-27 17:07:55.776666605
#  File has been updated.
#  Successfully updated.

src/init_2.o: src/init_2.c
#  Implicit rule search has been done.
#  Implicit/static pattern stem: 'src/init_2'
#  Last modified 2022-05-28 19:56:58.396667583
#  File has been updated.
#  Successfully updated.
#  recipe to execute (from 'Makefile', line 28):
			$(CC) -c $(CFLAGS) $< -o $@
	

main.o: main.c
#  Implicit rule search has been done.
#  Implicit/static pattern stem: 'main'
#  Last modified 2022-05-28 19:56:58.280000916
#  File has been updated.
#  Successfully updated.
#  recipe to execute (from 'Makefile', line 28):
			$(CC) -c $(CFLAGS) $< -o $@
	

# Not a target:
src/color.c:
#  Implicit rule search has been done.
#  Last modified 2022-05-27 17:06:49.073333252
#  File has been updated.
#  Successfully updated.

src/free.o: src/free.c
#  Implicit rule search has been done.
#  Implicit/static pattern stem: 'src/free'
#  Last modified 2022-05-28 19:56:58.710000917
#  File has been updated.
#  Successfully updated.
#  recipe to execute (from 'Makefile', line 28):
			$(CC) -c $(CFLAGS) $< -o $@
	

src/parsing_1.o: src/parsing_1.c
#  Implicit rule search has been done.
#  Implicit/static pattern stem: 'src/parsing_1'
#  Last modified 2022-05-28 19:56:58.456667583
#  File has been updated.
#  Successfully updated.
#  recipe to execute (from 'Makefile', line 28):
			$(CC) -c $(CFLAGS) $< -o $@
	

src/parsing_2.o: src/parsing_2.c
#  Implicit rule search has been done.
#  Implicit/static pattern stem: 'src/parsing_2'
#  Last modified 2022-05-28 19:56:58.486667583
#  File has been updated.
#  Successfully updated.
#  recipe to execute (from 'Makefile', line 28):
			$(CC) -c $(CFLAGS) $< -o $@
	

src/detect.o: src/detect.c
#  Implicit rule search has been done.
#  Implicit/static pattern stem: 'src/detect'
#  Last modified 2022-05-28 19:56:58.680000916
#  File has been updated.
#  Successfully updated.
#  recipe to execute (from 'Makefile', line 28):
			$(CC) -c $(CFLAGS) $< -o $@
	

src/draw.o: src/draw.c
#  Implicit rule search has been done.
#  Implicit/static pattern stem: 'src/draw'
#  Last modified 2022-05-28 19:56:58.310000916
#  File has been updated.
#  Successfully updated.
#  recipe to execute (from 'Makefile', line 28):
			$(CC) -c $(CFLAGS) $< -o $@
	

.PHONY: all clean fclean re
#  Implicit rule search has not been done.
#  Modification time never checked.
#  File has not been updated.

src/complex.o: src/complex.c
#  Implicit rule search has been done.
#  Implicit/static pattern stem: 'src/complex'
#  Last modified 2022-05-28 19:56:58.426667583
#  File has been updated.
#  Successfully updated.
#  recipe to execute (from 'Makefile', line 28):
			$(CC) -c $(CFLAGS) $< -o $@
	

# Not a target:
src/init.c:
#  Implicit rule search has been done.
#  Last modified 2022-05-27 17:07:35.033333266
#  File has been updated.
#  Successfully updated.

# Not a target:
src/free.c:
#  Implicit rule search has been done.
#  Last modified 2022-05-27 17:07:16.069999926
#  File has been updated.
#  Successfully updated.
 

# Not a target:
src/init_2.c:
#  Implicit rule search has been done.
#  Last modified 2022-05-27 17:07:25.996666596
#  File has been updated.
#  Successfully updated.

# files hash-table stats:
# Load=40/1024=4%, Rehash=0, Collisions=0/134=0%
# VPATH Search Paths

# No 'vpath' search paths.

# No general ('VPATH' variable) search path.

# strcache buffers: 1 (0) / strings = 100 / storage = 982 B / avg = 9 B
# current buf: size = 8162 B / used = 982 B / count = 100 / avg = 9 B

# strcache performance: lookups = 156 / hit rate = 35%
# hash-table stats:
# Load=100/8192=1%, Rehash=0, Collisions=1/156=1%
# Finished Make data base on Mon May 30 13:45:29 2022

 
